<?xml version="1.0" encoding="UTF-8"?>
<!-- Generated by org.testng.reporters.JUnitReportReporter -->
<testsuite hostname="Lenovo-PC" failures="0" tests="2" name="validationsTests.LoginTest" time="1.276" errors="0" timestamp="2024-01-19T15:11:20 IST" skipped="2">
  <testcase classname="validationsTests.LoginTest" name="loginTest" time="1.226">
    <skipped/>
  </testcase> <!-- loginTest -->
  <testcase classname="validationsTests.LoginTest" name="loginTest" time="0.050">
    <skipped/>
  </testcase> <!-- loginTest -->
</testsuite> <!-- validationsTests.LoginTest -->
