<?xml version="1.0" encoding="UTF-8"?>
<!-- Generated by org.testng.reporters.JUnitReportReporter -->
<testsuite hostname="Lenovo-PC" failures="0" tests="2" name="suite.login.LoginTest" time="44.708" errors="0" timestamp="2024-01-22T10:46:43 IST" skipped="1">
  <testcase classname="suite.login.LoginTest" name="loginTest" time="38.480"/>
  <testcase classname="suite.login.LoginTest" name="loginTest" time="6.228">
    <skipped/>
  </testcase> <!-- loginTest -->
</testsuite> <!-- suite.login.LoginTest -->
