<?xml version="1.0" encoding="UTF-8"?>
<!-- Generated by org.testng.reporters.JUnitReportReporter -->
<testsuite hostname="Lenovo-PC" failures="0" tests="2" name="suite.login.LoginTest" time="41.059" errors="0" timestamp="2024-01-22T12:55:32 IST" skipped="1">
  <testcase classname="suite.login.LoginTest" name="loginTest" time="37.068"/>
  <system-out/>
  <testcase classname="suite.login.LoginTest" name="loginTest" time="3.991">
    <skipped/>
  </testcase> <!-- loginTest -->
  <system-out/>
</testsuite> <!-- suite.login.LoginTest -->
